<?xml version="1.0" encoding="UTF-8"?>
<!-- Generated by org.testng.reporters.JUnitReportReporter -->
<testsuite hostname="CC-Girish" failures="0" tests="4" name="com.busyqa.auto.WebTests2" time="17.441" errors="0" timestamp="2022-11-17T14:38:31 EST" skipped="2">
  <testcase classname="com.busyqa.auto.WebTests2" name="titleTest" time="5.074"/>
  <system-out/>
  <testcase classname="com.busyqa.auto.WebTests2" name="registerTestDatDriven" time="12.367"/>
  <system-out/>
  <testcase classname="com.busyqa.auto.WebTests2" name="registerTest">
    <skipped/>
  </testcase> <!-- registerTest -->
  <system-out/>
  <testcase classname="com.busyqa.auto.WebTests2" name="loginTest">
    <skipped/>
  </testcase> <!-- loginTest -->
  <system-out/>
</testsuite> <!-- com.busyqa.auto.WebTests2 -->
