<?xml version="1.0" encoding="UTF-8"?>
<!-- Generated by org.testng.reporters.JUnitReportReporter -->
<testsuite hostname="CC-Girish" failures="0" tests="3" name="com.busyqa.auto.WebTests" time="9.835" errors="0" timestamp="2022-11-22T15:22:32 EST" skipped="2">
  <testcase classname="com.busyqa.auto.WebTests" name="titleTest" time="9.835"/>
  <system-out/>
  <testcase classname="com.busyqa.auto.WebTests" name="registerTest">
    <skipped/>
  </testcase> <!-- registerTest -->
  <system-out/>
  <testcase classname="com.busyqa.auto.WebTests" name="loginTest">
    <skipped/>
  </testcase> <!-- loginTest -->
  <system-out/>
</testsuite> <!-- com.busyqa.auto.WebTests -->
